RedCross-master/app/build/intermediates/manifest_merge_blame_file/debug/manifest-merger-blame-debug-report.txt
1<?xml version="1.0" encoding="utf-8"?>
2<manifest xmlns:android="http://schemas.android.com/apk/res/android"
3    package="in.gov.cgg.redcrossphase1"
4    android:versionCode="1"
5    android:versionName="1.0" >
6
7    <uses-sdk
8        android:minSdkVersion="16"
8-->src\main\AndroidManifest.xml
9        android:targetSdkVersion="29" />
9-->src\main\AndroidManifest.xml
10
11    <uses-permission android:name="android.permission.ACCESS_NETWORK_STATE" />
11-->src\main\AndroidManifest.xml:5:5-79
11-->src\main\AndroidManifest.xml:5:22-76
12    <uses-permission android:name="android.permission.INTERNET" />
12-->src\main\AndroidManifest.xml:6:5-67
12-->src\main\AndroidManifest.xml:6:22-64
13    <uses-permission android:name="android.permission.ACCESS_WIFI_STATE" />
13-->src\main\AndroidManifest.xml:7:5-76
13-->src\main\AndroidManifest.xml:7:22-73
14
15    <application
15-->src\main\AndroidManifest.xml:9:5-57:19
16        android:name="androidx.multidex.MultiDexApplication"
17        android:allowBackup="true"
17-->src\main\AndroidManifest.xml:10:9-35
18        android:appComponentFactory="androidx.core.app.CoreComponentFactory"
18-->[androidx.core:core:1.1.0] AndroidManifest.xml:24:18-86
19        android:debuggable="true"
20        android:icon="@drawable/redcross_logo"
20-->src\main\AndroidManifest.xml:11:9-47
21        android:label="@string/app_name"
21-->src\main\AndroidManifest.xml:12:9-41
22        android:roundIcon="@drawable/redcross_logo"
22-->src\main\AndroidManifest.xml:13:9-52
23        android:supportsRtl="true"
23-->src\main\AndroidManifest.xml:14:9-35
24        android:testOnly="true"
25        android:theme="@style/AppTheme"
25-->src\main\AndroidManifest.xml:15:9-40
26        android:usesCleartextTraffic="true" >
26-->src\main\AndroidManifest.xml:16:9-44
27        <activity
27-->src\main\AndroidManifest.xml:17:9-20:59
28            android:name="in.gov.cgg.redcrossphase1.ui_citiguest.CitiGuestMainActivity"
28-->src\main\AndroidManifest.xml:18:13-63
29            android:screenOrientation="portrait"
29-->src\main\AndroidManifest.xml:19:13-49
30            android:theme="@style/AppTheme.NoActionBar" />
30-->src\main\AndroidManifest.xml:20:13-56
31        <activity
31-->src\main\AndroidManifest.xml:21:9-31:20
32            android:name="in.gov.cgg.redcrossphase1.SplashActivity"
32-->src\main\AndroidManifest.xml:22:13-43
33            android:label="@string/app_name"
33-->src\main\AndroidManifest.xml:23:13-45
34            android:screenOrientation="portrait"
34-->src\main\AndroidManifest.xml:24:13-49
35            android:theme="@style/AppTheme.NoActionBar" >
35-->src\main\AndroidManifest.xml:25:13-56
36            <intent-filter>
36-->src\main\AndroidManifest.xml:26:13-30:29
37                <action android:name="android.intent.action.MAIN" />
37-->src\main\AndroidManifest.xml:27:17-69
37-->src\main\AndroidManifest.xml:27:25-66
38
39                <category android:name="android.intent.category.LAUNCHER" />
39-->src\main\AndroidManifest.xml:29:17-77
39-->src\main\AndroidManifest.xml:29:27-74
40            </intent-filter>
41        </activity>
42        <activity
42-->src\main\AndroidManifest.xml:32:9-34:52
43            android:name="in.gov.cgg.redcrossphase1.ui_officer.home_distrcit.ShowDistrictMandal"
43-->src\main\AndroidManifest.xml:33:13-72
44            android:screenOrientation="portrait" />
44-->src\main\AndroidManifest.xml:34:13-49
45        <activity
45-->src\main\AndroidManifest.xml:35:9-37:52
46            android:name="in.gov.cgg.redcrossphase1.ui_officer.OfficerMainActivity"
46-->src\main\AndroidManifest.xml:36:13-59
47            android:screenOrientation="portrait" />
47-->src\main\AndroidManifest.xml:37:13-49
48        <activity
48-->src\main\AndroidManifest.xml:38:9-40:52
49            android:name="in.gov.cgg.redcrossphase1.ui_citiguest.RegisterActivity"
49-->src\main\AndroidManifest.xml:39:13-58
50            android:screenOrientation="portrait" />
50-->src\main\AndroidManifest.xml:40:13-49
51        <activity
51-->src\main\AndroidManifest.xml:41:9-43:52
52            android:name="in.gov.cgg.redcrossphase1.TabLoginActivity"
52-->src\main\AndroidManifest.xml:42:13-45
53            android:screenOrientation="portrait" />
53-->src\main\AndroidManifest.xml:43:13-49
54        <activity
54-->src\main\AndroidManifest.xml:44:9-46:52
55            android:name="in.gov.cgg.redcrossphase1.ui_citiguest.EnterMPinActivity"
55-->src\main\AndroidManifest.xml:45:13-59
56            android:screenOrientation="portrait" />
56-->src\main\AndroidManifest.xml:46:13-49
57
58        <provider
58-->src\main\AndroidManifest.xml:48:9-56:20
59            android:name="androidx.core.content.FileProvider"
59-->src\main\AndroidManifest.xml:49:13-62
60            android:authorities="in.gov.cgg.redcrossphase1.fileprovider"
60-->src\main\AndroidManifest.xml:50:13-73
61            android:exported="false"
61-->src\main\AndroidManifest.xml:51:13-37
62            android:grantUriPermissions="true" >
62-->src\main\AndroidManifest.xml:52:13-47
63            <meta-data
63-->src\main\AndroidManifest.xml:53:13-55:53
64                android:name="android.support.FILE_PROVIDER_PATHS"
64-->src\main\AndroidManifest.xml:54:17-67
65                android:resource="@xml/filepaths" />
65-->src\main\AndroidManifest.xml:55:17-50
66        </provider>
67        <provider
67-->[androidx.lifecycle:lifecycle-process:2.1.0] AndroidManifest.xml:23:9-27:43
68            android:name="androidx.lifecycle.ProcessLifecycleOwnerInitializer"
68-->[androidx.lifecycle:lifecycle-process:2.1.0] AndroidManifest.xml:24:13-79
69            android:authorities="in.gov.cgg.redcrossphase1.lifecycle-process"
69-->[androidx.lifecycle:lifecycle-process:2.1.0] AndroidManifest.xml:25:13-69
70            android:exported="false"
70-->[androidx.lifecycle:lifecycle-process:2.1.0] AndroidManifest.xml:26:13-37
71            android:multiprocess="true" />
71-->[androidx.lifecycle:lifecycle-process:2.1.0] AndroidManifest.xml:27:13-40
72    </application>
73
74</manifest>